{"level":"info","message":"\n      --------------------------------------------------\n       Server Started! Express: http://localhost:1337\n      ------------------------------------------------------\n      ","service":"series-service"}
{"level":"info","message":"\n      --------------------------------------------------\n       Server Started! Express: http://localhost:1337\n      ------------------------------------------------------\n      ","service":"series-service"}
{"level":"info","message":"\n      --------------------------------------------------\n       Server Started! Express: http://localhost:1337\n      ------------------------------------------------------\n      ","service":"series-service"}
{"level":"info","message":"\n      --------------------------------------------------\n       Server Started! Express: http://localhost:1337\n      ------------------------------------------------------\n      ","service":"series-service"}
{"level":"info","message":"\n      --------------------------------------------------\n       Server Started! Express: http://localhost:1337\n      ------------------------------------------------------\n      ","service":"series-service"}
{"level":"info","message":"\n      --------------------------------------------------\n       Server Started! Express: http://localhost:1337\n      ------------------------------------------------------\n      ","service":"series-service"}
{"level":"info","message":"\n      --------------------------------------------------\n       Server Started! Express: http://localhost:1337\n      ------------------------------------------------------\n      ","service":"series-service"}
{"level":"info","message":"\n      --------------------------------------------------\n       Server Started! Express: http://localhost:1337\n      ------------------------------------------------------\n      ","service":"series-service"}
{"level":"info","message":"\n      --------------------------------------------------\n       Server Started! Express: http://localhost:1337\n      ------------------------------------------------------\n      ","service":"series-service"}
{"level":"info","message":"\n      --------------------------------------------------\n       Server Started! Express: http://localhost:1337\n      ------------------------------------------------------\n      ","service":"series-service"}
{"level":"info","message":"\n      --------------------------------------------------\n       Server Started! Express: http://localhost:1337\n      ------------------------------------------------------\n      ","service":"series-service"}
{"level":"info","message":"\n      --------------------------------------------------\n       Server Started! Express: http://localhost:1337\n      ------------------------------------------------------\n      ","service":"series-service"}
{"level":"info","message":"\n      --------------------------------------------------\n       Server Started! Express: http://localhost:1337\n      ------------------------------------------------------\n      ","service":"series-service"}
{"level":"info","message":"\n      --------------------------------------------------\n       Server Started! Express: http://localhost:1337\n      ------------------------------------------------------\n      ","service":"series-service"}
{"level":"info","message":"\n      --------------------------------------------------\n       Server Started! Express: http://localhost:1337\n      ------------------------------------------------------\n      ","service":"series-service"}
{"level":"info","message":"\n      --------------------------------------------------\n       Server Started! Express: http://localhost:1337\n      ------------------------------------------------------\n      ","service":"series-service"}
{"level":"info","message":"\n      --------------------------------------------------\n       Server Started! Express: http://localhost:1337\n      ------------------------------------------------------\n      ","service":"series-service"}
{"level":"info","message":"\n      --------------------------------------------------\n       Server Started! Express: http://localhost:1337\n      ------------------------------------------------------\n      ","service":"series-service"}
{"level":"info","message":"\n      --------------------------------------------------\n       Server Started! Express: http://localhost:1337\n      ------------------------------------------------------\n      ","service":"series-service"}
{"level":"info","message":"\n      --------------------------------------------------\n       Server Started! Express: http://localhost:1337\n      ------------------------------------------------------\n      ","service":"series-service"}
{"level":"info","message":"\n      --------------------------------------------------\n       Server Started! Express: http://localhost:1337\n      ------------------------------------------------------\n      ","service":"series-service"}
{"level":"info","message":"\n      --------------------------------------------------\n       Server Started! Express: http://localhost:1337\n      ------------------------------------------------------\n      ","service":"series-service"}
{"level":"info","message":"\n      --------------------------------------------------\n       Server Started! Express: http://localhost:1337\n      ------------------------------------------------------\n      ","service":"series-service"}
{"level":"info","message":"\n      --------------------------------------------------\n       Server Started! Express: http://localhost:1337\n      ------------------------------------------------------\n      ","service":"series-service"}
{"level":"info","message":"\n      --------------------------------------------------\n       Server Started! Express: http://localhost:1337\n      ------------------------------------------------------\n      ","service":"series-service"}
{"level":"info","message":"\n      --------------------------------------------------\n       Server Started! Express: http://localhost:1337\n      ------------------------------------------------------\n      ","service":"series-service"}
{"level":"info","message":"\n      --------------------------------------------------\n       Server Started! Express: http://localhost:1337\n      ------------------------------------------------------\n      ","service":"series-service"}
{"level":"info","message":"\n      --------------------------------------------------\n       Server Started! Express: http://localhost:1337\n      ------------------------------------------------------\n      ","service":"series-service"}
{"level":"info","message":"[getSeries] [object Object]","service":"series-service"}
{"level":"info","message":"\n      --------------------------------------------------\n       Server Started! Express: http://localhost:1337\n      ------------------------------------------------------\n      ","service":"series-service"}
{"level":"info","message":"\n      --------------------------------------------------\n       Server Started! Express: http://localhost:1337\n      ------------------------------------------------------\n      ","service":"series-service"}
{"level":"info","message":"[getSeries] {\"email\":\"email@wmail.com\"}","service":"series-service"}
{"level":"info","message":"\n      --------------------------------------------------\n       Server Started! Express: http://localhost:1337\n      ------------------------------------------------------\n      ","service":"series-service"}
{"level":"info","message":"\n      --------------------------------------------------\n       Server Started! Express: http://localhost:1337\n      ------------------------------------------------------\n      ","service":"series-service"}
{"level":"info","message":"[getSeries] {\"serie\":\"Action comcis\",\"periocity\":\"Mensual\",\"startDate\":\"2019/01/01\"}","service":"series-service"}
{"level":"info","message":"[getSeries] {\"serie\":\"Action comcis\",\"periocity\":\"Mensual\",\"startDate\":\"2019/01/01\",\"otro\":\"otro\"}","service":"series-service"}
{"level":"info","message":"[getSeries] {\"serie\":\"Action comcis\",\"periocity\":\"Mensual\",\"startDate\":\"2019/01/01\",\"endDate\":\"otro\"}","service":"series-service"}
{"level":"info","message":"[getSeries] {\"serie\":\"Action comcis\",\"periocity\":\"Mensual\",\"startDate\":\"2019/01/01\",\"endDate\":\"otro\"}","service":"series-service"}
{"level":"info","message":"\n      --------------------------------------------------\n       Server Started! Express: http://localhost:1337\n      ------------------------------------------------------\n      ","service":"series-service"}
{"level":"info","message":"\n      --------------------------------------------------\n       Server Started! Express: http://localhost:1337\n      ------------------------------------------------------\n      ","service":"series-service"}
{"level":"info","message":"\n      --------------------------------------------------\n       Server Started! Express: http://localhost:1337\n      ------------------------------------------------------\n      ","service":"series-service"}
{"level":"info","message":"[getAll] {\"serie\":\"Action comcis\",\"periocity\":\"Mensual\",\"startDate\":\"2019/01/01\",\"endDate\":\"otro\"}","service":"series-service"}
{"level":"info","message":"\n      --------------------------------------------------\n       Server Started! Express: http://localhost:1337\n      ------------------------------------------------------\n      ","service":"series-service"}
{"level":"info","message":"\n      --------------------------------------------------\n       Server Started! Express: http://localhost:1337\n      ------------------------------------------------------\n      ","service":"series-service"}
{"level":"info","message":"\n      --------------------------------------------------\n       Server Started! Express: http://localhost:1337\n      ------------------------------------------------------\n      ","service":"series-service"}
{"level":"info","message":"\n      --------------------------------------------------\n       Server Started! Express: http://localhost:1337\n      ------------------------------------------------------\n      ","service":"series-service"}
{"level":"info","message":"\n      --------------------------------------------------\n       Server Started! Express: http://localhost:1337\n      ------------------------------------------------------\n      ","service":"series-service"}
{"level":"info","message":"\n      --------------------------------------------------\n       Server Started! Express: http://localhost:1337\n      ------------------------------------------------------\n      ","service":"series-service"}
{"level":"info","message":"\n      --------------------------------------------------\n       Server Started! Express: http://localhost:1337\n      ------------------------------------------------------\n      ","service":"series-service"}
{"level":"info","message":"\n      --------------------------------------------------\n       Server Started! Express: http://localhost:1337\n      ------------------------------------------------------\n      ","service":"series-service"}
{"level":"info","message":"[save] {\"serie\":\"Action comcis\",\"periocity\":\"Mensual\",\"startDate\":\"2019/01/01\",\"endDate\":\"otro\"}","service":"series-service"}
{"level":"info","message":"\n      --------------------------------------------------\n       Server Started! Express: http://localhost:1337\n      ------------------------------------------------------\n      ","service":"series-service"}
{"level":"info","message":"[save] {\"serie\":\"Action comcis\",\"periocity\":\"Mensual\",\"startDate\":\"2019/01/01\",\"endDate\":\"otro\"}","service":"series-service"}
{"level":"info","message":"\n      --------------------------------------------------\n       Server Started! Express: http://localhost:1337\n      ------------------------------------------------------\n      ","service":"series-service"}
{"level":"info","message":"[save] {\"serie\":\"Action comcis\",\"periocity\":\"Mensual\",\"startDate\":\"2019/01/01\",\"endDate\":\"otro\"}","service":"series-service"}
{"level":"info","message":"\n      --------------------------------------------------\n       Server Started! Express: http://localhost:1337\n      ------------------------------------------------------\n      ","service":"series-service"}
{"level":"info","message":"Server Started! Express: http://localhost:1337\n      ","service":"series-service"}
{"level":"info","message":"Server Started! Express: http://localhost:1337","service":"series-service"}
{
  message: 'Server Started! Express: http://localhost:1337',
  level: 'info',
  service: 'series-service'
}
{
  message: '[save] {"serie":"Action comcis","periocity":"Mensual","startDate":"2019/01/01","endDate":"otro"}',
  level: 'info',
  service: 'series-service'
}
undefined
undefined
undefined
undefined
{"level":"info","message":"Server Started! Express: http://localhost:1337","service":"series-service"}
{"level":"info","message":"[save] {\"serie\":\"Action comcis\",\"periocity\":\"Mensual\",\"startDate\":\"2019/01/01\",\"endDate\":\"otro\"}","service":"series-service"}
{"level":"info","message":"Server Started! Express: http://localhost:1337","service":"dc-manager-series"}
{"level":"info","message":"[save] {\"serie\":\"Action comcis\",\"periocity\":\"Mensual\",\"startDate\":\"2019/01/01\",\"endDate\":\"otro\"}","service":"dc-manager-series"}
{"level":"info","message":"Server Started! Express: http://localhost:1337","service":"dc-manager-series"}
{"level":"info","message":"[save] {\"serie\":\"Action comcis\",\"periocity\":\"Mensual\",\"startDate\":\"2019/01/01\",\"endDate\":\"otro\"}","service":"dc-manager-series"}
{"level":"info","message":"Server Started! Express: http://localhost:1337","service":"dc-manager-series"}
{"level":"info","message":"Server Started! Express: http://localhost:1337","service":"dc-manager-series"}
{"level":"info","message":"[save] {\"serie\":\"Action comcis\",\"periocity\":\"Mensual\",\"startDate\":\"2019/01/01\",\"endDate\":\"otro\"}","service":"dc-manager-series"}
{"level":"info","message":"Server Started! Express: http://localhost:1337","service":"dc-manager-series"}
{"level":"info","message":"Server Started! Express: http://localhost:1337","service":"dc-manager-series"}
{"level":"info","message":"[save] {\"serie\":\"Action comcis\",\"periocity\":\"Mensual\",\"startDate\":\"2019/01/01\",\"endDate\":\"otro\"}","service":"dc-manager-series"}
{"level":"info","message":"Server Started! Express: http://localhost:1337","service":"dc-manager-series","timestamp":"2021-09-22T18:22:40.969Z"}
{"level":"info","message":"[save] {\"serie\":\"Action comcis\",\"periocity\":\"Mensual\",\"startDate\":\"2019/01/01\",\"endDate\":\"otro\"}","service":"dc-manager-series","timestamp":"2021-09-22T18:22:44.660Z"}
{"level":"info","message":"Server Started! Express: http://localhost:1337","service":"dc-manager-series"}
{"level":"info","message":"[save] {\"serie\":\"Action comcis\",\"periocity\":\"Mensual\",\"startDate\":\"2019/01/01\",\"endDate\":\"otro\"}","service":"dc-manager-series"}
{"level":"info","message":"Server Started! Express: http://localhost:1337","service":"dc-manager-series"}
{"level":"info","message":"Server Started! Express: http://localhost:1337","service":"dc-manager-series"}
{"level":"info","message":"[save] {\"serie\":\"Action comcis\",\"periocity\":\"Mensual\",\"startDate\":\"2019/01/01\",\"endDate\":\"otro\"}","service":"dc-manager-series"}
{"level":"info","message":"Server Started! Express: http://localhost:1337","service":"dc-manager-series"}
{"level":"info","message":"Server Started! Express: http://localhost:1337","service":"dc-manager-series"}
{"level":"info","message":"Server Started! Express: http://localhost:1337","service":"dc-manager-series"}
undefined
undefined
{"level":"info","message":"Server Started! Express: http://localhost:1337","service":"dc-manager-series","timestamp":"2021-09-22T18:26:21.003Z"}
{"level":"info","message":"Server Started! Express: http://localhost:1337","service":"dc-manager-series","timestamp":"2021-09-22T18:26:35.864Z"}
{"level":"info","message":"Server Started! Express: http://localhost:1337","service":"dc-manager-series","timestamp":"2021-09-22T18:29:37.442Z"}
{"level":"info","message":"Server Started! Express: http://localhost:1337","service":"dc-manager-series","timestamp":"2021-09-22T18:31:15.058Z"}
{"level":"info","message":"Server Started! Express: http://localhost:1337","service":"dc-manager-series","timestamp":"2021-09-22T18:31:22.839Z"}
{"level":"info","message":"Server Started! Express: http://localhost:1337","service":"dc-manager-series","timestamp":"2021-09-22T18:34:14.528Z"}
{"level":"info","message":"Server Started! Express: http://localhost:1337","service":"dc-manager-series","timestamp":"2021-09-22T18:34:38.376Z"}
{"level":"info","message":"Server Started! Express: http://localhost:1337","service":"dc-manager-series","timestamp":"2021-09-22T18:36:16.685Z"}
{"level":"info","message":"Server Started! Express: http://localhost:1337","service":"dc-manager-series","timestamp":"2021-09-22T18:37:25.985Z"}
{"level":"info","message":"Server Started! Express: http://localhost:1337","service":"dc-manager-series","timestamp":"2021-09-22T18:38:13.920Z"}
{"level":"info","message":"[save] {\"serie\":\"Action comcis\",\"periocity\":\"Mensual\",\"startDate\":\"2019-01-01T06:00:00.000Z\",\"endDate\":null}","service":"dc-manager-series","timestamp":"2021-09-22T18:38:20.358Z"}
{"level":"info","message":"Server Started! Express: http://localhost:1337","service":"dc-manager-series","timestamp":"2021-09-22T18:39:49.707Z"}
{"level":"info","message":"Server Started! Express: http://localhost:1337","service":"dc-manager-series","timestamp":"2021-09-22T18:40:21.929Z"}
{"level":"info","message":"Server Started! Express: http://localhost:1337","service":"dc-manager-series","timestamp":"2021-09-22T18:41:03.565Z"}
{"level":"info","message":"[save] {\"serie\":\"Action comcis\",\"periocity\":\"Mensual\",\"startDate\":\"2019-01-01\",\"endDate\":null}","service":"dc-manager-series","timestamp":"2021-09-22T18:41:25.378Z"}
{"level":"info","message":"Server Started! Express: http://localhost:1337","service":"dc-manager-series","timestamp":"2021-09-22T18:41:36.792Z"}
{"level":"info","message":"[save] {\"serie\":\"Action comcis\",\"periocity\":\"Mensual\",\"startDate\":\"2019-01-01\",\"endDate\":null}","service":"dc-manager-series","timestamp":"2021-09-22T18:41:37.208Z"}
{"level":"info","message":"[save] {\"serie\":\"Action comcis\",\"periocity\":\"Mensual\",\"startDate\":\"2019-01-01\",\"endDate\":null}","service":"dc-manager-series","timestamp":"2021-09-22T18:42:06.592Z"}
{"level":"info","message":"[save] {\"serie\":\"Action comcis\",\"periocity\":\"Mensual\",\"startDate\":\"2019-01-01\",\"e\":\"otro\"}","service":"dc-manager-series","timestamp":"2021-09-22T18:42:15.886Z"}
{"level":"info","message":"[save] {\"serie\":\"Action comcis\",\"periocity\":\"Mensual\",\"startDate\":\"2019-01-01\",\"endDate\":null}","service":"dc-manager-series","timestamp":"2021-09-22T18:42:18.108Z"}
{"level":"info","message":"Server Started! Express: http://localhost:1337","service":"dc-manager-series","timestamp":"2021-09-22T18:42:28.647Z"}
{"level":"info","message":"[SAVE] {\"serie\":\"Action comcis\",\"periocity\":\"Mensual\",\"startDate\":\"2019-01-01T00:00:00.000Z\",\"endDate\":null}","service":"dc-manager-series","timestamp":"2021-09-22T18:42:29.054Z"}
{"level":"info","message":"Server Started! Express: http://localhost:1337","service":"dc-manager-series","timestamp":"2021-09-22T18:42:54.744Z"}
{"level":"info","message":"[SAVE] {\"serie\":\"Action comcis\",\"periocity\":\"Mensual\",\"startDate\":\"2019-01-01T00:00:00.000Z\"}","service":"dc-manager-series","timestamp":"2021-09-22T18:43:08.255Z"}
{"level":"info","message":"[SAVE] {\"serie\":\"Action comcis\",\"periocity\":\"Mensual\",\"startDate\":\"2019-01-01T00:00:00.000Z\",\"endDate\":null}","service":"dc-manager-series","timestamp":"2021-09-22T18:43:16.375Z"}
{"level":"info","message":"Server Started! Express: http://localhost:1337","service":"dc-manager-series","timestamp":"2021-09-22T18:43:31.085Z"}
{"level":"info","message":"Server Started! Express: http://localhost:1337","service":"dc-manager-series","timestamp":"2021-09-22T18:43:41.844Z"}
{"level":"info","message":"Server Started! Express: http://localhost:1337","service":"dc-manager-series","timestamp":"2021-09-22T18:44:53.772Z"}
{"level":"info","message":"Server Started! Express: http://localhost:1337","service":"dc-manager-series","timestamp":"2021-09-22T18:45:47.320Z"}
{"level":"info","message":"Server Started! Express: http://localhost:1337","service":"dc-manager-series","timestamp":"2021-09-22T18:45:58.400Z"}
{"level":"info","message":"Server Started! Express: http://localhost:1337","service":"dc-manager-series","timestamp":"2021-09-22T18:46:10.816Z"}
{"level":"info","message":"Server Started! Express: http://localhost:1337","service":"dc-manager-series","timestamp":"2021-09-22T18:46:21.948Z"}
{"level":"info","message":"Server Started! Express: http://localhost:1337","service":"dc-manager-series","timestamp":"2021-09-22T18:46:49.289Z"}
{"level":"info","message":"Server Started! Express: http://localhost:1337","service":"dc-manager-series","timestamp":"2021-09-22T18:47:09.459Z"}
{"level":"info","message":"Server Started! Express: http://localhost:1337","service":"dc-manager-series","timestamp":"2021-09-22T18:47:35.273Z"}
{"level":"info","message":"Server Started! Express: http://localhost:1337","service":"dc-manager-series","timestamp":"2021-09-22T18:47:43.595Z"}
{"level":"info","message":"Server Started! Express: http://localhost:1337","service":"dc-manager-series","timestamp":"2021-09-22T18:47:56.845Z"}
{"level":"info","message":"Server Started! Express: http://localhost:1337","service":"dc-manager-series","timestamp":"2021-09-22T18:48:34.195Z"}
{"level":"info","message":"Server Started! Express: http://localhost:1337","service":"dc-manager-series","timestamp":"2021-09-22T18:49:53.370Z"}
{"level":"info","message":"Server Started! Express: http://localhost:1337","service":"dc-manager-series","timestamp":"2021-09-22T18:50:18.487Z"}
{"level":"info","message":"Server Started! Express: http://localhost:1337","service":"dc-manager-series","timestamp":"2021-09-22T18:50:38.058Z"}
{"level":"info","message":"Server Started! Express: http://localhost:1337","service":"dc-manager-series","timestamp":"2021-09-22T18:50:44.986Z"}
{"level":"info","message":"[SAVE] {\"serie\":\"Pok\",\"periocity\":\"Mensual\",\"startDate\":\"2019-01-01T00:00:00.000Z\",\"endDate\":null}","service":"dc-manager-series","timestamp":"2021-09-22T18:51:37.222Z"}
{"level":"info","message":"[SAVE] {\"serie\":\"Pok\",\"periocity\":\"Mensual\",\"startDate\":\"2019-01-01T00:00:00.000Z\",\"endDate\":null}","service":"dc-manager-series","timestamp":"2021-09-22T18:51:40.789Z"}
{"level":"info","message":"Server Started! Express: http://localhost:1337","service":"dc-manager-series","timestamp":"2021-09-22T18:52:03.152Z"}
{"level":"info","message":"[SAVE] {\"serie\":\"Pok\",\"periocity\":\"Mensual\",\"startDate\":\"2019-01-01T00:00:00.000Z\",\"endDate\":null}","service":"dc-manager-series","timestamp":"2021-09-22T18:52:04.673Z"}
{"level":"info","message":"[SAVE] {\"serie\":\"Pok\",\"periocity\":\"Mensual\",\"startDate\":\"2019-01-01T00:00:00.000Z\",\"endDate\":null}","service":"dc-manager-series","timestamp":"2021-09-22T18:52:06.369Z"}
{"level":"info","message":"[SAVE] {\"serie\":\"Pok\",\"periocity\":\"Mensual\",\"startDate\":\"2019-01-01T00:00:00.000Z\"}","service":"dc-manager-series","timestamp":"2021-09-22T18:52:11.066Z"}
{"level":"info","message":"[SAVE] {\"serie\":\"Pok\",\"periocity\":\"Mensual\",\"startDate\":\"2019-01-01T00:00:00.000Z\",\"endDate\":null}","service":"dc-manager-series","timestamp":"2021-09-22T18:52:36.513Z"}
{"level":"info","message":"[SAVE] {\"serie\":\"Pok\",\"periocity\":\"Mensual\",\"startDate\":\"2019-01-01T00:00:00.000Z\",\"endDate\":null}","service":"dc-manager-series","timestamp":"2021-09-22T18:52:59.233Z"}
{"level":"info","message":"[SAVE] {\"serie\":\"Pok\",\"periocity\":\"Mensual\",\"startDate\":\"2019-01-01T00:00:00.000Z\"}","service":"dc-manager-series","timestamp":"2021-09-22T18:53:36.813Z"}
{"level":"info","message":"Server Started! Express: http://localhost:1337","service":"dc-manager-series","timestamp":"2021-09-22T18:53:45.612Z"}
{"level":"info","message":"[SAVE] {\"serie\":\"Pok\",\"periocity\":\"Mensual\",\"startDate\":\"2019-01-01\",\"endDate\":\"2019-01-01\"}","service":"dc-manager-series","timestamp":"2021-09-22T18:53:53.757Z"}
{"level":"info","message":"[SAVE] {\"serie\":\"Pok\",\"periocity\":\"Mensual\",\"startDate\":\"2019-01-01\",\"endDate\":\"2019-01-01\"}","service":"dc-manager-series","timestamp":"2021-09-22T18:54:02.299Z"}
{"level":"info","message":"Server Started! Express: http://localhost:1337","service":"dc-manager-series","timestamp":"2021-09-22T20:09:32.910Z"}
{"level":"info","message":"Server Started! Express: http://localhost:1337","service":"dc-manager-series","timestamp":"2021-09-22T20:10:40.530Z"}
{"level":"info","message":"Server Started! Express: http://localhost:1337","service":"dc-manager-series","timestamp":"2021-09-22T20:10:58.545Z"}
{"level":"info","message":"Server Started! Express: http://localhost:1337","service":"dc-manager-series","timestamp":"2021-09-22T20:11:23.512Z"}
{"level":"info","message":"Server Started! Express: http://localhost:1337","service":"dc-manager-series","timestamp":"2021-09-22T20:13:12.267Z"}
{"level":"info","message":"Server Started! Express: http://localhost:1337","service":"dc-manager-series","timestamp":"2021-09-22T20:14:00.065Z"}
{"level":"info","message":"Server Started! Express: http://localhost:1337","service":"dc-manager-series","timestamp":"2021-09-22T20:37:26.046Z"}
{"level":"info","message":"Server Started! Express: http://localhost:1337","service":"dc-manager-series","timestamp":"2021-09-22T20:40:20.874Z"}
{"level":"info","message":"Server Started! Express: http://localhost:1337","service":"dc-manager-series","timestamp":"2021-09-22T20:42:14.675Z"}
{"level":"info","message":"Server Started! Express: http://localhost:1337","service":"dc-manager-series","timestamp":"2021-09-22T20:43:00.993Z"}
{"level":"info","message":"Server Started! Express: http://localhost:1337","service":"dc-manager-series","timestamp":"2021-09-22T20:44:56.335Z"}
{"level":"info","message":"Server Started! Express: http://localhost:1337","service":"dc-manager-series","timestamp":"2021-09-22T20:45:08.950Z"}
{"level":"info","message":"Server Started! Express: http://localhost:1337","service":"dc-manager-series","timestamp":"2021-09-22T20:45:59.675Z"}
{"level":"info","message":"Server Started! Express: http://localhost:1337","service":"dc-manager-series","timestamp":"2021-09-22T20:46:47.195Z"}
{"level":"info","message":"Server Started! Express: http://localhost:1337","service":"dc-manager-series","timestamp":"2021-09-22T20:47:13.196Z"}
{"level":"info","message":"Server Started! Express: http://localhost:1337","service":"dc-manager-series","timestamp":"2021-09-22T20:47:52.377Z"}
{"level":"info","message":"Server Started! Express: http://localhost:1337","service":"dc-manager-series","timestamp":"2021-09-22T20:48:16.845Z"}
{"level":"info","message":"Server Started! Express: http://localhost:1337","service":"dc-manager-series","timestamp":"2021-09-22T20:48:58.235Z"}
{"level":"info","message":"Server Started! Express: http://localhost:1337","service":"dc-manager-series","timestamp":"2021-09-22T20:49:08.839Z"}
{"level":"info","message":"Server Started! Express: http://localhost:1337","service":"dc-manager-series","timestamp":"2021-09-22T20:49:14.567Z"}
{"level":"info","message":"Server Started! Express: http://localhost:1337","service":"dc-manager-series","timestamp":"2021-09-22T20:50:55.129Z"}
{"level":"info","message":"Server Started! Express: http://localhost:1337","service":"dc-manager-series","timestamp":"2021-09-22T20:51:07.653Z"}
{"level":"info","message":"Server Started! Express: http://localhost:1337","service":"dc-manager-series","timestamp":"2021-09-22T20:51:18.258Z"}
{"level":"info","message":"Server Started! Express: http://localhost:1337","service":"dc-manager-series","timestamp":"2021-09-22T20:51:38.119Z"}
{"level":"info","message":"Server Started! Express: http://localhost:1337","service":"dc-manager-series","timestamp":"2021-09-22T20:55:03.897Z"}
{"level":"info","message":"Server Started! Express: http://localhost:1337","service":"dc-manager-series","timestamp":"2021-09-22T20:55:16.421Z"}
{"level":"info","message":"Server Started! Express: http://localhost:1337","service":"dc-manager-series","timestamp":"2021-09-22T20:56:08.055Z"}
{"level":"info","message":"Server Started! Express: http://localhost:1337","service":"dc-manager-series","timestamp":"2021-09-22T20:59:04.718Z"}
{"level":"info","message":"[::1] - [POST] [object Object] ([object Object]) ([object Object])","service":"dc-manager-series","timestamp":"2021-09-22T20:59:07.628Z"}
{"level":"info","message":"Server Started! Express: http://localhost:1337","service":"dc-manager-series","timestamp":"2021-09-22T21:00:21.362Z"}
{"level":"info","message":"Server Started! Express: http://localhost:1337","service":"dc-manager-series","timestamp":"2021-09-22T21:00:27.770Z"}
{"level":"info","message":"(/api/series) [::ffff:127.0.0.1] - POST {\"serie\":\"Pok\",\"periocity\":\"Mensual\",\"startDate\":\"2019-01-01\",\"endDate\":\"2019-01-01\"}, ({}), ({})","service":"dc-manager-series","timestamp":"2021-09-22T21:00:28.293Z"}
{"level":"info","message":"Server Started! Express: http://localhost:1337","service":"dc-manager-series","timestamp":"2021-09-22T21:00:58.169Z"}
{"level":"info","message":"[::1] - POST (/api/series) -  {\"serie\":\"Pok\",\"periocity\":\"Mensual\",\"startDate\":\"2019-01-01\",\"endDate\":\"2019-01-01\"}, ({}), ({})","service":"dc-manager-series","timestamp":"2021-09-22T21:01:00.591Z"}
{"level":"info","message":"Server Started! Express: http://localhost:1337","service":"dc-manager-series","timestamp":"2021-09-22T21:01:19.963Z"}
{"level":"info","message":"[::1] - POST (/api/series) -  {\"serie\":\"Pok\",\"periocity\":\"Mensual\",\"startDate\":\"2019-01-01\",\"endDate\":\"2019-01-01\"}, {}, ({})","service":"dc-manager-series","timestamp":"2021-09-22T21:01:21.006Z"}
{"level":"info","message":"Server Started! Express: http://localhost:1337","service":"dc-manager-series","timestamp":"2021-09-22T21:02:00.689Z"}
{"level":"info","message":"[::1] - POST (/api/series) -  {\"serie\":\"Pok\",\"periocity\":\"Mensual\",\"startDate\":\"2019-01-01\",\"endDate\":\"2019-01-01\"}, {}, {}","service":"dc-manager-series","timestamp":"2021-09-22T21:02:02.805Z"}
{"level":"info","message":"[::1] - POST (/api/series) -  {\"serie\":\"Pok\",\"periocity\":\"Mensual\",\"startDate\":\"2019-01-01\",\"endDate\":\"2019-01-01\"}, {}, {}","service":"dc-manager-series","timestamp":"2021-09-22T21:02:02.823Z"}
{"level":"info","message":"Server Started! Express: http://localhost:1337","service":"dc-manager-series","timestamp":"2021-09-22T21:02:29.097Z"}
{"level":"info","message":"[::1] - POST (/api/series) -  {\"serie\":\"Pok\",\"periocity\":\"Mensual\",\"startDate\":\"2019-01-01\",\"endDate\":\"2019-01-01\"}, {}, {}","service":"dc-manager-series","timestamp":"2021-09-22T21:02:31.198Z"}
{"level":"info","message":"[::1] - POST (/api/series) -  {\"serie\":\"Pok\",\"periocity\":\"Mensual\",\"startDate\":\"2019-01-01\",\"endDate\":\"2019-01-01\"}, {}, {}","service":"dc-manager-series","timestamp":"2021-09-22T21:02:31.294Z"}
{"level":"info","message":"Server Started! Express: http://localhost:1337","service":"dc-manager-series","timestamp":"2021-09-22T21:07:02.829Z"}
{"level":"info","message":"[::1] - POST (/api/series) -  {\"serie\":\"Pok\",\"periocity\":\"Mensual\",\"startDate\":\"2019-01-01\",\"endDate\":\"2019-01-01\"}, {}, {}","service":"dc-manager-series","timestamp":"2021-09-22T21:07:06.992Z"}
{"level":"info","message":"[function status(code) {\n  this.statusCode = code;\n  return this;\n}] - Created (function contentType(type) {\n  var ct = type.indexOf('/') === -1\n    ? mime.lookup(type)\n    : type;\n\n  return this.set('Content-Type', ct);\n}) -  undefined\n        ","service":"dc-manager-series","timestamp":"2021-09-22T21:07:07.018Z"}
{"level":"info","message":"Server Started! Express: http://localhost:1337","service":"dc-manager-series","timestamp":"2021-09-22T21:08:14.977Z"}
{"level":"info","message":"Server Started! Express: http://localhost:1337","service":"dc-manager-series","timestamp":"2021-09-22T21:09:24.856Z"}
{"level":"info","message":"Server Started! Express: http://localhost:1337","service":"dc-manager-series","timestamp":"2021-09-22T21:10:29.300Z"}
{"level":"info","message":"Server Started! Express: http://localhost:1337","service":"dc-manager-series","timestamp":"2021-09-22T21:11:58.078Z"}
{"level":"info","message":"Server Started! Express: http://localhost:1337","service":"dc-manager-series","timestamp":"2021-09-22T21:15:45.616Z"}
{"level":"info","message":"Server Started! Express: http://localhost:1337","service":"dc-manager-series","timestamp":"2021-09-22T21:15:58.849Z"}
{"level":"info","message":"[::1] - POST (/api/series) -  {\"serie\":\"Pok\",\"periocity\":\"Mensual\",\"startDate\":\"2019-01-01\",\"endDate\":\"2019-01-01\"}, {}, {}","service":"dc-manager-series","timestamp":"2021-09-22T21:16:21.452Z"}
{"level":"info","message":"[::1] - POST (/api/series) -  {\"serie\":\"Pok\",\"periocity\":\"Mensual\",\"startDate\":\"2019-01-01\",\"endDate\":\"2019--01\"}, {}, {}","service":"dc-manager-series","timestamp":"2021-09-22T21:16:27.254Z"}
{"level":"info","message":"[::1] - POST (/api/series) -  {\"serie\":\"Pok\",\"periocity\":\"Mensual\",\"startDate\":\"2019-01-01\"}, {}, {}","service":"dc-manager-series","timestamp":"2021-09-22T21:16:34.077Z"}
{"level":"info","message":"Server Started! Express: http://localhost:1337","service":"dc-manager-series","timestamp":"2021-09-22T21:17:32.758Z"}
{"level":"info","message":"Server Started! Express: http://localhost:1337","service":"dc-manager-series","timestamp":"2021-09-22T21:19:12.237Z"}
{"level":"info","message":"Server Started! Express: http://localhost:1337","service":"dc-manager-series","timestamp":"2021-09-22T21:19:46.239Z"}
{"level":"info","message":"Server Started! Express: http://localhost:1337","service":"dc-manager-series","timestamp":"2021-09-22T21:21:11.584Z"}
{"level":"info","message":"Server Started! Express: http://localhost:1337","service":"dc-manager-series","timestamp":"2021-09-22T21:36:20.542Z"}
{"level":"info","message":"Server Started! Express: http://localhost:1337","service":"dc-manager-series","timestamp":"2021-09-22T21:40:42.043Z"}
{"level":"info","message":"Server Started! Express: http://localhost:1337","service":"dc-manager-series","timestamp":"2021-09-22T21:40:49.784Z"}
{"level":"info","message":"Server Started! Express: http://localhost:1337","service":"dc-manager-series","timestamp":"2021-09-22T21:41:08.546Z"}
{"level":"info","message":"Server Started! Express: http://localhost:1337","service":"dc-manager-series","timestamp":"2021-09-22T21:42:58.798Z"}
{"level":"info","message":"Mongoose default connection message: Invalid connection string \"localhost\"","service":"dc-manager-series","stack":"MongoParseError: Invalid connection string \"localhost\"\n    at new ConnectionString (C:\\Users\\ludickoi\\Documents\\Workspaces\\dc-manager-ms\\dc-manager-series\\node_modules\\mongodb-connection-string-url\\src\\index.ts:100:13)\n    at Object.parseOptions (C:\\Users\\ludickoi\\Documents\\Workspaces\\dc-manager-ms\\dc-manager-series\\node_modules\\mongodb\\src\\connection_string.ts:249:15)\n    at new MongoClient (C:\\Users\\ludickoi\\Documents\\Workspaces\\dc-manager-ms\\dc-manager-series\\node_modules\\mongodb\\src\\mongo_client.ts:332:22)\n    at C:\\Users\\ludickoi\\Documents\\Workspaces\\dc-manager-ms\\dc-manager-series\\node_modules\\mongoose\\lib\\connection.js:779:16\n    at new Promise (<anonymous>)\n    at NativeConnection.Connection.openUri (C:\\Users\\ludickoi\\Documents\\Workspaces\\dc-manager-ms\\dc-manager-series\\node_modules\\mongoose\\lib\\connection.js:776:19)\n    at C:\\Users\\ludickoi\\Documents\\Workspaces\\dc-manager-ms\\dc-manager-series\\node_modules\\mongoose\\lib\\index.js:328:10\n    at C:\\Users\\ludickoi\\Documents\\Workspaces\\dc-manager-ms\\dc-manager-series\\node_modules\\mongoose\\lib\\helpers\\promiseOrCallback.js:32:5\n    at new Promise (<anonymous>)\n    at promiseOrCallback (C:\\Users\\ludickoi\\Documents\\Workspaces\\dc-manager-ms\\dc-manager-series\\node_modules\\mongoose\\lib\\helpers\\promiseOrCallback.js:31:10)","timestamp":"2021-09-22T21:42:58.857Z"}
{"level":"info","message":"Mongoose default connection disconnected through app termination.","service":"dc-manager-series","timestamp":"2021-09-22T21:44:06.111Z"}
{"level":"info","message":"Server Started! Express: http://localhost:1337","service":"dc-manager-series","timestamp":"2021-09-22T21:44:12.747Z"}
{"level":"info","message":"Mongoose default connection message: Invalid connection string \"localhost\"","service":"dc-manager-series","stack":"MongoParseError: Invalid connection string \"localhost\"\n    at new ConnectionString (C:\\Users\\ludickoi\\Documents\\Workspaces\\dc-manager-ms\\dc-manager-series\\node_modules\\mongodb-connection-string-url\\src\\index.ts:100:13)\n    at Object.parseOptions (C:\\Users\\ludickoi\\Documents\\Workspaces\\dc-manager-ms\\dc-manager-series\\node_modules\\mongodb\\src\\connection_string.ts:249:15)\n    at new MongoClient (C:\\Users\\ludickoi\\Documents\\Workspaces\\dc-manager-ms\\dc-manager-series\\node_modules\\mongodb\\src\\mongo_client.ts:332:22)\n    at C:\\Users\\ludickoi\\Documents\\Workspaces\\dc-manager-ms\\dc-manager-series\\node_modules\\mongoose\\lib\\connection.js:779:16\n    at new Promise (<anonymous>)\n    at NativeConnection.Connection.openUri (C:\\Users\\ludickoi\\Documents\\Workspaces\\dc-manager-ms\\dc-manager-series\\node_modules\\mongoose\\lib\\connection.js:776:19)\n    at C:\\Users\\ludickoi\\Documents\\Workspaces\\dc-manager-ms\\dc-manager-series\\node_modules\\mongoose\\lib\\index.js:328:10\n    at C:\\Users\\ludickoi\\Documents\\Workspaces\\dc-manager-ms\\dc-manager-series\\node_modules\\mongoose\\lib\\helpers\\promiseOrCallback.js:32:5\n    at new Promise (<anonymous>)\n    at promiseOrCallback (C:\\Users\\ludickoi\\Documents\\Workspaces\\dc-manager-ms\\dc-manager-series\\node_modules\\mongoose\\lib\\helpers\\promiseOrCallback.js:31:10)","timestamp":"2021-09-22T21:44:12.792Z"}
{"level":"info","message":"[::1] - POST /api/series -  {\"serie\":\"Pok\",\"periocity\":\"Mensual\",\"startDate\":\"2019-01-01\"}, {}, {}","service":"dc-manager-series","timestamp":"2021-09-22T21:44:24.483Z"}
{"level":"info","message":"Mongoose default connection disconnected through app termination.","service":"dc-manager-series","timestamp":"2021-09-22T21:44:58.901Z"}
{"level":"info","message":"Server Started! Express: http://localhost:1337","service":"dc-manager-series","timestamp":"2021-09-22T21:45:05.205Z"}
{"level":"info","message":"Mongoose default connection message: Invalid connection string \"localhost\"","service":"dc-manager-series","stack":"MongoParseError: Invalid connection string \"localhost\"\n    at new ConnectionString (C:\\Users\\ludickoi\\Documents\\Workspaces\\dc-manager-ms\\dc-manager-series\\node_modules\\mongodb-connection-string-url\\src\\index.ts:100:13)\n    at Object.parseOptions (C:\\Users\\ludickoi\\Documents\\Workspaces\\dc-manager-ms\\dc-manager-series\\node_modules\\mongodb\\src\\connection_string.ts:249:15)\n    at new MongoClient (C:\\Users\\ludickoi\\Documents\\Workspaces\\dc-manager-ms\\dc-manager-series\\node_modules\\mongodb\\src\\mongo_client.ts:332:22)\n    at C:\\Users\\ludickoi\\Documents\\Workspaces\\dc-manager-ms\\dc-manager-series\\node_modules\\mongoose\\lib\\connection.js:779:16\n    at new Promise (<anonymous>)\n    at NativeConnection.Connection.openUri (C:\\Users\\ludickoi\\Documents\\Workspaces\\dc-manager-ms\\dc-manager-series\\node_modules\\mongoose\\lib\\connection.js:776:19)\n    at C:\\Users\\ludickoi\\Documents\\Workspaces\\dc-manager-ms\\dc-manager-series\\node_modules\\mongoose\\lib\\index.js:328:10\n    at C:\\Users\\ludickoi\\Documents\\Workspaces\\dc-manager-ms\\dc-manager-series\\node_modules\\mongoose\\lib\\helpers\\promiseOrCallback.js:32:5\n    at new Promise (<anonymous>)\n    at promiseOrCallback (C:\\Users\\ludickoi\\Documents\\Workspaces\\dc-manager-ms\\dc-manager-series\\node_modules\\mongoose\\lib\\helpers\\promiseOrCallback.js:31:10)","timestamp":"2021-09-22T21:45:05.255Z"}
{"level":"info","message":"[::1] - POST /api/series -  {\"serie\":\"Pok\",\"periocity\":\"Mensual\",\"startDate\":\"2019-01-01\"}, {}, {}","service":"dc-manager-series","timestamp":"2021-09-22T21:45:07.974Z"}
{"level":"error","message":"Error al crear serie MongooseError: Operation `series.insertOne()` buffering timed out after 10000ms","service":"dc-manager-series","timestamp":"2021-09-22T21:45:18.025Z"}
{"level":"info","message":"Mongoose default connection disconnected through app termination.","service":"dc-manager-series","timestamp":"2021-09-22T21:47:26.855Z"}
{"level":"info","message":"Server Started! Express: http://localhost:1337","service":"dc-manager-series","timestamp":"2021-09-22T21:47:33.523Z"}
{"level":"info","message":"Mongoose default connection message: Invalid connection string \"localhost\"","service":"dc-manager-series","stack":"MongoParseError: Invalid connection string \"localhost\"\n    at new ConnectionString (C:\\Users\\ludickoi\\Documents\\Workspaces\\dc-manager-ms\\dc-manager-series\\node_modules\\mongodb-connection-string-url\\src\\index.ts:100:13)\n    at Object.parseOptions (C:\\Users\\ludickoi\\Documents\\Workspaces\\dc-manager-ms\\dc-manager-series\\node_modules\\mongodb\\src\\connection_string.ts:249:15)\n    at new MongoClient (C:\\Users\\ludickoi\\Documents\\Workspaces\\dc-manager-ms\\dc-manager-series\\node_modules\\mongodb\\src\\mongo_client.ts:332:22)\n    at C:\\Users\\ludickoi\\Documents\\Workspaces\\dc-manager-ms\\dc-manager-series\\node_modules\\mongoose\\lib\\connection.js:779:16\n    at new Promise (<anonymous>)\n    at NativeConnection.Connection.openUri (C:\\Users\\ludickoi\\Documents\\Workspaces\\dc-manager-ms\\dc-manager-series\\node_modules\\mongoose\\lib\\connection.js:776:19)\n    at C:\\Users\\ludickoi\\Documents\\Workspaces\\dc-manager-ms\\dc-manager-series\\node_modules\\mongoose\\lib\\index.js:328:10\n    at C:\\Users\\ludickoi\\Documents\\Workspaces\\dc-manager-ms\\dc-manager-series\\node_modules\\mongoose\\lib\\helpers\\promiseOrCallback.js:32:5\n    at new Promise (<anonymous>)\n    at promiseOrCallback (C:\\Users\\ludickoi\\Documents\\Workspaces\\dc-manager-ms\\dc-manager-series\\node_modules\\mongoose\\lib\\helpers\\promiseOrCallback.js:31:10)","timestamp":"2021-09-22T21:47:33.587Z"}
{"level":"info","message":"Mongoose default connection disconnected through app termination.","service":"dc-manager-series","timestamp":"2021-09-22T21:47:35.470Z"}
{"level":"info","message":"Server Started! Express: http://localhost:1337","service":"dc-manager-series","timestamp":"2021-09-22T21:47:43.006Z"}
{"level":"info","message":"Mongoose default connection message: Invalid connection string \"localhost\"","service":"dc-manager-series","stack":"MongoParseError: Invalid connection string \"localhost\"\n    at new ConnectionString (C:\\Users\\ludickoi\\Documents\\Workspaces\\dc-manager-ms\\dc-manager-series\\node_modules\\mongodb-connection-string-url\\src\\index.ts:100:13)\n    at Object.parseOptions (C:\\Users\\ludickoi\\Documents\\Workspaces\\dc-manager-ms\\dc-manager-series\\node_modules\\mongodb\\src\\connection_string.ts:249:15)\n    at new MongoClient (C:\\Users\\ludickoi\\Documents\\Workspaces\\dc-manager-ms\\dc-manager-series\\node_modules\\mongodb\\src\\mongo_client.ts:332:22)\n    at C:\\Users\\ludickoi\\Documents\\Workspaces\\dc-manager-ms\\dc-manager-series\\node_modules\\mongoose\\lib\\connection.js:779:16\n    at new Promise (<anonymous>)\n    at NativeConnection.Connection.openUri (C:\\Users\\ludickoi\\Documents\\Workspaces\\dc-manager-ms\\dc-manager-series\\node_modules\\mongoose\\lib\\connection.js:776:19)\n    at C:\\Users\\ludickoi\\Documents\\Workspaces\\dc-manager-ms\\dc-manager-series\\node_modules\\mongoose\\lib\\index.js:328:10\n    at C:\\Users\\ludickoi\\Documents\\Workspaces\\dc-manager-ms\\dc-manager-series\\node_modules\\mongoose\\lib\\helpers\\promiseOrCallback.js:32:5\n    at new Promise (<anonymous>)\n    at promiseOrCallback (C:\\Users\\ludickoi\\Documents\\Workspaces\\dc-manager-ms\\dc-manager-series\\node_modules\\mongoose\\lib\\helpers\\promiseOrCallback.js:31:10)","timestamp":"2021-09-22T21:47:43.066Z"}
{"level":"info","message":"[::ffff:127.0.0.1] - POST /api/series -  {\"serie\":\"Pok\",\"periocity\":\"Mensual\",\"startDate\":\"2019-01-01\"}, {}, {}","service":"dc-manager-series","timestamp":"2021-09-22T21:47:43.182Z"}
{"level":"error","message":"Error al crear serie MongooseError: Operation `series.insertOne()` buffering timed out after 10000ms","service":"dc-manager-series","timestamp":"2021-09-22T21:47:53.249Z"}
{"level":"info","message":"Mongoose default connection disconnected through app termination.","service":"dc-manager-series","timestamp":"2021-09-22T21:48:15.846Z"}
{"level":"info","message":"Server Started! Express: http://localhost:1337","service":"dc-manager-series","timestamp":"2021-09-22T21:48:22.877Z"}
{"level":"info","message":"Mongoose default connection message: Invalid connection string \"localhost\"","service":"dc-manager-series","stack":"MongoParseError: Invalid connection string \"localhost\"\n    at new ConnectionString (C:\\Users\\ludickoi\\Documents\\Workspaces\\dc-manager-ms\\dc-manager-series\\node_modules\\mongodb-connection-string-url\\src\\index.ts:100:13)\n    at Object.parseOptions (C:\\Users\\ludickoi\\Documents\\Workspaces\\dc-manager-ms\\dc-manager-series\\node_modules\\mongodb\\src\\connection_string.ts:249:15)\n    at new MongoClient (C:\\Users\\ludickoi\\Documents\\Workspaces\\dc-manager-ms\\dc-manager-series\\node_modules\\mongodb\\src\\mongo_client.ts:332:22)\n    at C:\\Users\\ludickoi\\Documents\\Workspaces\\dc-manager-ms\\dc-manager-series\\node_modules\\mongoose\\lib\\connection.js:779:16\n    at new Promise (<anonymous>)\n    at NativeConnection.Connection.openUri (C:\\Users\\ludickoi\\Documents\\Workspaces\\dc-manager-ms\\dc-manager-series\\node_modules\\mongoose\\lib\\connection.js:776:19)\n    at C:\\Users\\ludickoi\\Documents\\Workspaces\\dc-manager-ms\\dc-manager-series\\node_modules\\mongoose\\lib\\index.js:328:10\n    at C:\\Users\\ludickoi\\Documents\\Workspaces\\dc-manager-ms\\dc-manager-series\\node_modules\\mongoose\\lib\\helpers\\promiseOrCallback.js:32:5\n    at new Promise (<anonymous>)\n    at promiseOrCallback (C:\\Users\\ludickoi\\Documents\\Workspaces\\dc-manager-ms\\dc-manager-series\\node_modules\\mongoose\\lib\\helpers\\promiseOrCallback.js:31:10)","timestamp":"2021-09-22T21:48:22.925Z"}
{"level":"info","message":"[::ffff:127.0.0.1] - POST /api/series -  {\"serie\":\"Pok\",\"periocity\":\"Mensual\",\"startDate\":\"2019-01-1\"}, {}, {}","service":"dc-manager-series","timestamp":"2021-09-22T21:48:23.093Z"}
{"level":"info","message":"Mongoose default connection disconnected through app termination.","service":"dc-manager-series","timestamp":"2021-09-22T21:50:05.609Z"}
{"level":"info","message":"Server Started! Express: http://localhost:1337","service":"dc-manager-series","timestamp":"2021-09-22T21:50:40.717Z"}
{"level":"info","message":"Mongoose default connection message: Invalid connection string \"localhost\"","service":"dc-manager-series","stack":"MongoParseError: Invalid connection string \"localhost\"\n    at new ConnectionString (C:\\Users\\ludickoi\\Documents\\Workspaces\\dc-manager-ms\\dc-manager-series\\node_modules\\mongodb-connection-string-url\\src\\index.ts:100:13)\n    at Object.parseOptions (C:\\Users\\ludickoi\\Documents\\Workspaces\\dc-manager-ms\\dc-manager-series\\node_modules\\mongodb\\src\\connection_string.ts:249:15)\n    at new MongoClient (C:\\Users\\ludickoi\\Documents\\Workspaces\\dc-manager-ms\\dc-manager-series\\node_modules\\mongodb\\src\\mongo_client.ts:332:22)\n    at C:\\Users\\ludickoi\\Documents\\Workspaces\\dc-manager-ms\\dc-manager-series\\node_modules\\mongoose\\lib\\connection.js:779:16\n    at new Promise (<anonymous>)\n    at NativeConnection.Connection.openUri (C:\\Users\\ludickoi\\Documents\\Workspaces\\dc-manager-ms\\dc-manager-series\\node_modules\\mongoose\\lib\\connection.js:776:19)\n    at C:\\Users\\ludickoi\\Documents\\Workspaces\\dc-manager-ms\\dc-manager-series\\node_modules\\mongoose\\lib\\index.js:328:10\n    at C:\\Users\\ludickoi\\Documents\\Workspaces\\dc-manager-ms\\dc-manager-series\\node_modules\\mongoose\\lib\\helpers\\promiseOrCallback.js:32:5\n    at new Promise (<anonymous>)\n    at promiseOrCallback (C:\\Users\\ludickoi\\Documents\\Workspaces\\dc-manager-ms\\dc-manager-series\\node_modules\\mongoose\\lib\\helpers\\promiseOrCallback.js:31:10)","timestamp":"2021-09-22T21:50:40.769Z"}
{"level":"info","message":"[::1] - POST /api/series -  {\"serie\":\"Pok\",\"periocity\":\"Mensual\",\"startDate\":\"2019-01-1\"}, {}, {}","service":"dc-manager-series","timestamp":"2021-09-22T21:50:48.144Z"}
{"level":"info","message":"Mongoose default connection disconnected through app termination.","service":"dc-manager-series","timestamp":"2021-09-22T21:51:05.428Z"}
{"level":"info","message":"Server Started! Express: http://localhost:1337","service":"dc-manager-series","timestamp":"2021-09-22T21:51:14.037Z"}
{"level":"info","message":"Mongoose default connection message: Invalid connection string \"localhost\"","service":"dc-manager-series","stack":"MongoParseError: Invalid connection string \"localhost\"\n    at new ConnectionString (C:\\Users\\ludickoi\\Documents\\Workspaces\\dc-manager-ms\\dc-manager-series\\node_modules\\mongodb-connection-string-url\\src\\index.ts:100:13)\n    at Object.parseOptions (C:\\Users\\ludickoi\\Documents\\Workspaces\\dc-manager-ms\\dc-manager-series\\node_modules\\mongodb\\src\\connection_string.ts:249:15)\n    at new MongoClient (C:\\Users\\ludickoi\\Documents\\Workspaces\\dc-manager-ms\\dc-manager-series\\node_modules\\mongodb\\src\\mongo_client.ts:332:22)\n    at C:\\Users\\ludickoi\\Documents\\Workspaces\\dc-manager-ms\\dc-manager-series\\node_modules\\mongoose\\lib\\connection.js:779:16\n    at new Promise (<anonymous>)\n    at NativeConnection.Connection.openUri (C:\\Users\\ludickoi\\Documents\\Workspaces\\dc-manager-ms\\dc-manager-series\\node_modules\\mongoose\\lib\\connection.js:776:19)\n    at C:\\Users\\ludickoi\\Documents\\Workspaces\\dc-manager-ms\\dc-manager-series\\node_modules\\mongoose\\lib\\index.js:328:10\n    at C:\\Users\\ludickoi\\Documents\\Workspaces\\dc-manager-ms\\dc-manager-series\\node_modules\\mongoose\\lib\\helpers\\promiseOrCallback.js:32:5\n    at new Promise (<anonymous>)\n    at promiseOrCallback (C:\\Users\\ludickoi\\Documents\\Workspaces\\dc-manager-ms\\dc-manager-series\\node_modules\\mongoose\\lib\\helpers\\promiseOrCallback.js:31:10)","timestamp":"2021-09-22T21:51:14.100Z"}
{"level":"info","message":"Mongoose default connection disconnected through app termination.","service":"dc-manager-series","timestamp":"2021-09-22T21:51:21.044Z"}
{"level":"info","message":"Server Started! Express: http://localhost:1337","service":"dc-manager-series","timestamp":"2021-09-22T21:51:28.482Z"}
{"level":"info","message":"Mongoose default connection message: Invalid connection string \"localhost\"","service":"dc-manager-series","stack":"MongoParseError: Invalid connection string \"localhost\"\n    at new ConnectionString (C:\\Users\\ludickoi\\Documents\\Workspaces\\dc-manager-ms\\dc-manager-series\\node_modules\\mongodb-connection-string-url\\src\\index.ts:100:13)\n    at Object.parseOptions (C:\\Users\\ludickoi\\Documents\\Workspaces\\dc-manager-ms\\dc-manager-series\\node_modules\\mongodb\\src\\connection_string.ts:249:15)\n    at new MongoClient (C:\\Users\\ludickoi\\Documents\\Workspaces\\dc-manager-ms\\dc-manager-series\\node_modules\\mongodb\\src\\mongo_client.ts:332:22)\n    at C:\\Users\\ludickoi\\Documents\\Workspaces\\dc-manager-ms\\dc-manager-series\\node_modules\\mongoose\\lib\\connection.js:779:16\n    at new Promise (<anonymous>)\n    at NativeConnection.Connection.openUri (C:\\Users\\ludickoi\\Documents\\Workspaces\\dc-manager-ms\\dc-manager-series\\node_modules\\mongoose\\lib\\connection.js:776:19)\n    at C:\\Users\\ludickoi\\Documents\\Workspaces\\dc-manager-ms\\dc-manager-series\\node_modules\\mongoose\\lib\\index.js:328:10\n    at C:\\Users\\ludickoi\\Documents\\Workspaces\\dc-manager-ms\\dc-manager-series\\node_modules\\mongoose\\lib\\helpers\\promiseOrCallback.js:32:5\n    at new Promise (<anonymous>)\n    at promiseOrCallback (C:\\Users\\ludickoi\\Documents\\Workspaces\\dc-manager-ms\\dc-manager-series\\node_modules\\mongoose\\lib\\helpers\\promiseOrCallback.js:31:10)","timestamp":"2021-09-22T21:51:28.527Z"}
{"level":"info","message":"Mongoose default connection disconnected through app termination.","service":"dc-manager-series","timestamp":"2021-09-22T21:51:53.502Z"}
{"level":"info","message":"Server Started! Express: http://localhost:1337","service":"dc-manager-series","timestamp":"2021-09-22T21:52:01.510Z"}
{"level":"info","message":"Mongoose default connection message: Invalid connection string \"localhost\"","service":"dc-manager-series","stack":"MongoParseError: Invalid connection string \"localhost\"\n    at new ConnectionString (C:\\Users\\ludickoi\\Documents\\Workspaces\\dc-manager-ms\\dc-manager-series\\node_modules\\mongodb-connection-string-url\\src\\index.ts:100:13)\n    at Object.parseOptions (C:\\Users\\ludickoi\\Documents\\Workspaces\\dc-manager-ms\\dc-manager-series\\node_modules\\mongodb\\src\\connection_string.ts:249:15)\n    at new MongoClient (C:\\Users\\ludickoi\\Documents\\Workspaces\\dc-manager-ms\\dc-manager-series\\node_modules\\mongodb\\src\\mongo_client.ts:332:22)\n    at C:\\Users\\ludickoi\\Documents\\Workspaces\\dc-manager-ms\\dc-manager-series\\node_modules\\mongoose\\lib\\connection.js:779:16\n    at new Promise (<anonymous>)\n    at NativeConnection.Connection.openUri (C:\\Users\\ludickoi\\Documents\\Workspaces\\dc-manager-ms\\dc-manager-series\\node_modules\\mongoose\\lib\\connection.js:776:19)\n    at C:\\Users\\ludickoi\\Documents\\Workspaces\\dc-manager-ms\\dc-manager-series\\node_modules\\mongoose\\lib\\index.js:328:10\n    at C:\\Users\\ludickoi\\Documents\\Workspaces\\dc-manager-ms\\dc-manager-series\\node_modules\\mongoose\\lib\\helpers\\promiseOrCallback.js:32:5\n    at new Promise (<anonymous>)\n    at promiseOrCallback (C:\\Users\\ludickoi\\Documents\\Workspaces\\dc-manager-ms\\dc-manager-series\\node_modules\\mongoose\\lib\\helpers\\promiseOrCallback.js:31:10)","timestamp":"2021-09-22T21:52:01.577Z"}
{"level":"info","message":"Mongoose default connection disconnected through app termination.","service":"dc-manager-series","timestamp":"2021-09-22T21:52:19.521Z"}
{"level":"info","message":"Server Started! Express: http://localhost:1337","service":"dc-manager-series","timestamp":"2021-09-22T21:52:26.605Z"}
{"level":"info","message":"Mongoose default connection message: Invalid connection string \"localhost\"","service":"dc-manager-series","stack":"MongoParseError: Invalid connection string \"localhost\"\n    at new ConnectionString (C:\\Users\\ludickoi\\Documents\\Workspaces\\dc-manager-ms\\dc-manager-series\\node_modules\\mongodb-connection-string-url\\src\\index.ts:100:13)\n    at Object.parseOptions (C:\\Users\\ludickoi\\Documents\\Workspaces\\dc-manager-ms\\dc-manager-series\\node_modules\\mongodb\\src\\connection_string.ts:249:15)\n    at new MongoClient (C:\\Users\\ludickoi\\Documents\\Workspaces\\dc-manager-ms\\dc-manager-series\\node_modules\\mongodb\\src\\mongo_client.ts:332:22)\n    at C:\\Users\\ludickoi\\Documents\\Workspaces\\dc-manager-ms\\dc-manager-series\\node_modules\\mongoose\\lib\\connection.js:779:16\n    at new Promise (<anonymous>)\n    at NativeConnection.Connection.openUri (C:\\Users\\ludickoi\\Documents\\Workspaces\\dc-manager-ms\\dc-manager-series\\node_modules\\mongoose\\lib\\connection.js:776:19)\n    at C:\\Users\\ludickoi\\Documents\\Workspaces\\dc-manager-ms\\dc-manager-series\\node_modules\\mongoose\\lib\\index.js:328:10\n    at C:\\Users\\ludickoi\\Documents\\Workspaces\\dc-manager-ms\\dc-manager-series\\node_modules\\mongoose\\lib\\helpers\\promiseOrCallback.js:32:5\n    at new Promise (<anonymous>)\n    at promiseOrCallback (C:\\Users\\ludickoi\\Documents\\Workspaces\\dc-manager-ms\\dc-manager-series\\node_modules\\mongoose\\lib\\helpers\\promiseOrCallback.js:31:10)","timestamp":"2021-09-22T21:52:26.652Z"}
{"level":"info","message":"[::1] - POST /api/series -  {\"serie\":\"Pok\",\"periocity\":\"Mensual\",\"startDate\":\"2019-01-01\"}, {}, {}","service":"dc-manager-series","timestamp":"2021-09-22T21:52:31.040Z"}
{"level":"error","message":"Error al crear serie MongooseError: Operation `series.insertOne()` buffering timed out after 10000ms","service":"dc-manager-series","timestamp":"2021-09-22T21:52:41.075Z"}
{"level":"info","message":"Mongoose default connection disconnected through app termination.","service":"dc-manager-series","timestamp":"2021-09-22T21:54:01.446Z"}
{"level":"info","message":"Server Started! Express: http://localhost:1337","service":"dc-manager-series","timestamp":"2021-09-22T21:54:07.985Z"}
{"level":"info","message":"Mongoose default connection message: Invalid connection string \"localhost\"","service":"dc-manager-series","stack":"MongoParseError: Invalid connection string \"localhost\"\n    at new ConnectionString (C:\\Users\\ludickoi\\Documents\\Workspaces\\dc-manager-ms\\dc-manager-series\\node_modules\\mongodb-connection-string-url\\src\\index.ts:100:13)\n    at Object.parseOptions (C:\\Users\\ludickoi\\Documents\\Workspaces\\dc-manager-ms\\dc-manager-series\\node_modules\\mongodb\\src\\connection_string.ts:249:15)\n    at new MongoClient (C:\\Users\\ludickoi\\Documents\\Workspaces\\dc-manager-ms\\dc-manager-series\\node_modules\\mongodb\\src\\mongo_client.ts:332:22)\n    at C:\\Users\\ludickoi\\Documents\\Workspaces\\dc-manager-ms\\dc-manager-series\\node_modules\\mongoose\\lib\\connection.js:779:16\n    at new Promise (<anonymous>)\n    at NativeConnection.Connection.openUri (C:\\Users\\ludickoi\\Documents\\Workspaces\\dc-manager-ms\\dc-manager-series\\node_modules\\mongoose\\lib\\connection.js:776:19)\n    at C:\\Users\\ludickoi\\Documents\\Workspaces\\dc-manager-ms\\dc-manager-series\\node_modules\\mongoose\\lib\\index.js:328:10\n    at C:\\Users\\ludickoi\\Documents\\Workspaces\\dc-manager-ms\\dc-manager-series\\node_modules\\mongoose\\lib\\helpers\\promiseOrCallback.js:32:5\n    at new Promise (<anonymous>)\n    at promiseOrCallback (C:\\Users\\ludickoi\\Documents\\Workspaces\\dc-manager-ms\\dc-manager-series\\node_modules\\mongoose\\lib\\helpers\\promiseOrCallback.js:31:10)","timestamp":"2021-09-22T21:54:08.038Z"}
{"level":"info","message":"Mongoose default connection disconnected through app termination.","service":"dc-manager-series","timestamp":"2021-09-22T21:56:40.524Z"}
{"level":"info","message":"Server Started! Express: http://localhost:1337","service":"dc-manager-series","timestamp":"2021-09-22T21:56:48.449Z"}
{"level":"info","message":"Mongoose default connection message: Invalid connection string \"localhost\"","service":"dc-manager-series","stack":"MongoParseError: Invalid connection string \"localhost\"\n    at new ConnectionString (C:\\Users\\ludickoi\\Documents\\Workspaces\\dc-manager-ms\\dc-manager-series\\node_modules\\mongodb-connection-string-url\\src\\index.ts:100:13)\n    at Object.parseOptions (C:\\Users\\ludickoi\\Documents\\Workspaces\\dc-manager-ms\\dc-manager-series\\node_modules\\mongodb\\src\\connection_string.ts:249:15)\n    at new MongoClient (C:\\Users\\ludickoi\\Documents\\Workspaces\\dc-manager-ms\\dc-manager-series\\node_modules\\mongodb\\src\\mongo_client.ts:332:22)\n    at C:\\Users\\ludickoi\\Documents\\Workspaces\\dc-manager-ms\\dc-manager-series\\node_modules\\mongoose\\lib\\connection.js:779:16\n    at new Promise (<anonymous>)\n    at NativeConnection.Connection.openUri (C:\\Users\\ludickoi\\Documents\\Workspaces\\dc-manager-ms\\dc-manager-series\\node_modules\\mongoose\\lib\\connection.js:776:19)\n    at C:\\Users\\ludickoi\\Documents\\Workspaces\\dc-manager-ms\\dc-manager-series\\node_modules\\mongoose\\lib\\index.js:328:10\n    at C:\\Users\\ludickoi\\Documents\\Workspaces\\dc-manager-ms\\dc-manager-series\\node_modules\\mongoose\\lib\\helpers\\promiseOrCallback.js:32:5\n    at new Promise (<anonymous>)\n    at promiseOrCallback (C:\\Users\\ludickoi\\Documents\\Workspaces\\dc-manager-ms\\dc-manager-series\\node_modules\\mongoose\\lib\\helpers\\promiseOrCallback.js:31:10)","timestamp":"2021-09-22T21:56:48.495Z"}
